<?xml version="1.0" encoding="UTF-8"?>
<!-- Generated by org.testng.reporters.JUnitReportReporter -->
<testsuite hostname="Scoreme-Pukhraj" failures="0" tests="1" name="automationpractice.Testday2" time="0.012" errors="0" timestamp="2023-07-04T19:24:40 IST" skipped="0">
  <testcase classname="automationpractice.Testday2" name="loginValidDetail" time="0.012"/>
  <system-out/>
</testsuite> <!-- automationpractice.Testday2 -->
