<?xml version="1.0" encoding="UTF-8"?>
<!-- Generated by org.testng.reporters.JUnitReportReporter -->
<testsuite hostname="Scoreme-Pukhraj" failures="0" tests="2" name="automationpractice.Testday1" time="0.017" errors="0" timestamp="2023-07-04T19:24:40 IST" skipped="0">
  <testcase classname="automationpractice.Testday1" name="validateCartIcon" time="0.002"/>
  <system-out/>
  <testcase classname="automationpractice.Testday1" name="validateSearch" time="0.015"/>
  <system-out/>
</testsuite> <!-- automationpractice.Testday1 -->
