<?xml version="1.0" encoding="UTF-8"?>
<!-- Generated by org.testng.reporters.JUnitReportReporter -->
<testsuite hostname="Scoreme-Pukhraj" failures="0" tests="4" name="test.AddPlace" time="3.714" errors="0" timestamp="2023-07-22T18:55:14 IST" skipped="0">
  <testcase classname="test.AddPlace" name="createGooglePlace" time="2.560"/>
  <system-out/>
  <testcase classname="test.AddPlace" name="createGooglePlace" time="0.571"/>
  <system-out/>
  <testcase classname="test.AddPlace" name="updatAddress" time="0.326"/>
  <system-out/>
  <testcase classname="test.AddPlace" name="getGooglePlace" time="0.257"/>
  <system-out/>
</testsuite> <!-- test.AddPlace -->
